<?xml version="1.0" encoding="UTF-8"?>
<!-- Generated by org.testng.reporters.JUnitReportReporter -->
<testsuite skipped="0" hostname="DESKTOP-3I2DOO7" name="qaclickacademy.Maven.SeleniumTest" tests="2" failures="0" timestamp="25 Jul 2022 17:25:28 GMT" time="0.001" errors="0">
  <testcase name="SeleniumTestCase" time="0.001" classname="qaclickacademy.Maven.SeleniumTest"/>
  <testcase name="TestCase2" time="0.000" classname="qaclickacademy.Maven.SeleniumTest"/>
</testsuite> <!-- qaclickacademy.Maven.SeleniumTest -->
