<?xml version="1.0" encoding="UTF-8"?>
<!-- Generated by org.testng.reporters.JUnitReportReporter -->
<testsuite skipped="0" hostname="DESKTOP-3I2DOO7" name="qaclickacademy.Maven.AppiumTest" tests="2" failures="0" timestamp="25 Jul 2022 17:25:28 GMT" time="0.011" errors="0">
  <testcase name="Appium" time="0.000" classname="qaclickacademy.Maven.AppiumTest"/>
  <testcase name="AppTest2" time="0.011" classname="qaclickacademy.Maven.AppiumTest"/>
</testsuite> <!-- qaclickacademy.Maven.AppiumTest -->
